Сборка начата 22.09.2017 12:26:56.
     1>Проект "C:\Users\Михаил\Documents\Университет\4 курс\Архитектурное программирование и паттерны программирования\CP_Air\CP_Air\CP_Air.vcxproj" в узле 2 (целевые объекты Build).
     1>ClCompile:
         C:\Program Files (x86)\Microsoft Visual Studio 12.0\VC\bin\CL.exe /c /AI"C:\Program Files (x86)\Reference Assemblies\Microsoft\Framework\.NETFramework\v4.5\\" /AI"C:\Program Files (x86)\Windows Kits\8.1\References\CommonConfiguration\Neutral" /AI"C:\Program Files (x86)\Reference Assemblies\Microsoft\Framework\.NETFramework\v4.5\Facades\\" /Zi /clr /nologo /W3 /WX- /Od /Oy- /D WIN32 /D _DEBUG /D _UNICODE /D UNICODE /EHa /MDd /GS /fp:precise /Zc:wchar_t /Zc:forScope /Fo"Debug\\" /Fd"Debug\vc120.pdb" /TP /FU"C:\Program Files (x86)\Reference Assemblies\Microsoft\Framework\.NETFramework\v4.5\mscorlib.dll" /FU"C:\Program Files (x86)\Reference Assemblies\Microsoft\Framework\.NETFramework\v4.5\System.Data.dll" /FU"C:\Program Files (x86)\Reference Assemblies\Microsoft\Framework\.NETFramework\v4.5\System.dll" /FU"C:\Program Files (x86)\Reference Assemblies\Microsoft\Framework\.NETFramework\v4.5\System.Drawing.dll" /FU"C:\Program Files (x86)\Reference Assemblies\Microsoft\Framework\.NETFramework\v4.5\System.Windows.Forms.dll" /FU"C:\Program Files (x86)\Reference Assemblies\Microsoft\Framework\.NETFramework\v4.5\System.Xml.dll" /analyze- /errorReport:prompt /clr:nostdlib Airport.cpp MainForm.cpp Plane.cpp PlaneVector.cpp TranPlane.cpp WarPlane.cpp
         Airport.cpp
         MainForm.cpp
     1>c:\users\михаил\documents\университет\4 курс\архитектурное программирование и паттерны программирования\cp_air\cp_air\Attrib.h(3): warning C4005: TRUE: изменение макроопределения
                 C:\Program Files (x86)\Windows Kits\8.1\Include\shared\minwindef.h(75): см. предыдущее определение "TRUE"
     1>c:\users\михаил\documents\университет\4 курс\архитектурное программирование и паттерны программирования\cp_air\cp_air\Attrib.h(4): warning C4005: FALSE: изменение макроопределения
                 C:\Program Files (x86)\Windows Kits\8.1\Include\shared\minwindef.h(71): см. предыдущее определение "FALSE"
     1>c:\users\михаил\documents\университет\4 курс\архитектурное программирование и паттерны программирования\cp_air\cp_air\MainForm.h(1491): warning C4244: аргумент: преобразование "time_t" в "unsigned int", возможна потеря данных
         Plane.cpp
         PlaneVector.cpp
         TranPlane.cpp
         WarPlane.cpp
         Создание кода...
     1>c:\users\михаил\documents\университет\4 курс\архитектурное программирование и паттерны программирования\cp_air\cp_air\planevector.cpp(26): warning C4715: PlaneVector::goTypePlanes: значение возвращается не при всех путях выполнения
         C:\Program Files (x86)\Microsoft Visual Studio 12.0\VC\bin\CL.exe /c /Zi /clr /nologo /W3 /WX- /Od /Oy- /D WIN32 /D _DEBUG /D _UNICODE /D UNICODE /EHa /MDd /GS /fp:precise /Zc:wchar_t /Zc:forScope /Fo"Debug\\" /Fd"Debug\vc120.pdb" /TP /analyze- /errorReport:prompt "C:\Users\Михаил\AppData\Local\Temp\.NETFramework,Version=v4.5.AssemblyAttributes.cpp"
         .NETFramework,Version=v4.5.AssemblyAttributes.cpp
       Link:
         C:\Program Files (x86)\Microsoft Visual Studio 12.0\VC\bin\link.exe /ERRORREPORT:PROMPT /OUT:"C:\Users\Михаил\Documents\Университет\4 курс\Архитектурное программирование и паттерны программирования\CP_Air\Debug\CP_Air.exe" /INCREMENTAL /NOLOGO /ASSEMBLYRESOURCE:Debug\CP_Air.MainForm.resources /MANIFEST /MANIFESTUAC:"level='asInvoker' uiAccess='false'" /manifest:embed /DEBUG /PDB:"C:\Users\Михаил\Documents\Университет\4 курс\Архитектурное программирование и паттерны программирования\CP_Air\Debug\CP_Air.pdb" /ASSEMBLYDEBUG /SUBSYSTEM:WINDOWS /TLBID:1 /ENTRY:"main" /DYNAMICBASE /FIXED:NO /NXCOMPAT /MACHINE:X86 Debug\Airport.obj
         Debug\MainForm.obj
         Debug\Plane.obj
         Debug\PlaneVector.obj
         Debug\TranPlane.obj
         Debug\WarPlane.obj
         "Debug\.NETFramework,Version=v4.5.AssemblyAttributes.obj"
         CP_Air.vcxproj -> C:\Users\Михаил\Documents\Университет\4 курс\Архитектурное программирование и паттерны программирования\CP_Air\Debug\CP_Air.exe
     1>Сборка проекта "C:\Users\Михаил\Documents\Университет\4 курс\Архитектурное программирование и паттерны программирования\CP_Air\CP_Air\CP_Air.vcxproj" завершена (целевые объекты Build).

Сборка успешно завершена.

Затраченное время: 00:00:09.65
